<?xml version="1.0" encoding="UTF-8"?>
<!-- Generated by org.testng.reporters.JUnitReportReporter -->
<testsuite hostname="LAPTOP-QUKO53MT" failures="0" tests="1" name="test.ActitimeLoginLogout" time="11.066" errors="0" timestamp="2023-03-29T16:08:40 IST" skipped="0">
  <testcase classname="test.ActitimeLoginLogout" name="loginlogout" time="11.066"/>
  <system-out/>
</testsuite> <!-- test.ActitimeLoginLogout -->
